2025-05-04 04:34:57,549 [DEBUG] [Connections] Creating synapse: segment=0, cell=1, perm=0.6
2025-05-04 04:34:57,549 [DEBUG] [Connections] Creating synapse: segment=0, cell=2, perm=0.2
2025-05-04 04:34:57,551 [DEBUG] [Connections] Creating synapse: segment=0, cell=1, perm=0.6
2025-05-04 04:34:57,551 [DEBUG] [Connections] Creating synapse: segment=0, cell=2, perm=0.2
2025-05-04 04:34:57,552 [DEBUG] [Connections] Creating synapse: segment=0, cell=1, perm=0.6
2025-05-04 04:34:57,552 [DEBUG] [Connections] Creating synapse: segment=0, cell=2, perm=0.2
2025-05-04 04:34:57,619 [DEBUG] [Connections] Segments for cell 0: []
2025-05-04 04:34:57,619 [DEBUG] [Connections] Segments for cell 1: []
2025-05-04 04:34:57,619 [DEBUG] [BestMatch] Column=0 has no segment meeting minThreshold=1
2025-05-04 04:34:57,633 [DEBUG] [Connections] Segments for cell 2: []
2025-05-04 04:34:57,633 [DEBUG] [Connections] Segments for cell 3: []
2025-05-04 04:34:57,633 [DEBUG] [Connections] Segments for cell 0: []
2025-05-04 04:34:57,633 [DEBUG] [Connections] Segments for cell 1: []
2025-05-04 04:34:57,633 [DEBUG] [Connections] Creating synapse: segment=0, cell=0, perm=0.6
2025-05-04 04:34:57,633 [DEBUG] [Connections] Creating synapse: segment=0, cell=1, perm=0.3
2025-05-04 04:34:57,634 [DEBUG] [Connections] Segments for cell 0: []
2025-05-04 04:34:57,634 [DEBUG] [Connections] Segments for cell 1: []
2025-05-04 04:34:57,634 [DEBUG] [Connections] Segments for cell 2: []
2025-05-04 04:34:57,634 [DEBUG] [BestMatch] Column=0 has no segment meeting minThreshold=1
2025-05-04 04:34:57,634 [DEBUG] [Activate] Column 0: best_cell=None, best_seg=None
2025-05-04 04:34:57,634 [DEBUG] [Activate] Bursting column 0
2025-05-04 04:34:57,634 [DEBUG] [Connections] Segments for cell 0: []
2025-05-04 04:34:57,634 [DEBUG] [Connections] Segments for cell 1: []
2025-05-04 04:34:57,634 [DEBUG] [Connections] Segments for cell 2: []
2025-05-04 04:34:57,634 [DEBUG] [BestMatch] Column=0 has no segment meeting minThreshold=1
2025-05-04 04:34:57,634 [DEBUG] [Connections] Segments for cell 0: []
2025-05-04 04:34:57,634 [DEBUG] [Connections] Segments for cell 1: []
2025-05-04 04:34:57,634 [DEBUG] [Connections] Segments for cell 2: []
2025-05-04 04:34:57,634 [DEBUG] [Burst] Column 0: no matching segment, fallback winner=0
2025-05-04 04:34:57,634 [DEBUG] [Learn] prevActiveCells={0, 1}
2025-05-04 04:34:57,634 [DEBUG] [Connections] Segments for cell 0: []
2025-05-04 04:34:57,634 [DEBUG] [Connections] Segments for cell 1: []
2025-05-04 04:34:57,634 [DEBUG] [Connections] Segments for cell 2: []
2025-05-04 04:34:57,634 [DEBUG] [BestMatch] Column=0 has no segment meeting minThreshold=1
2025-05-04 04:34:57,634 [DEBUG] [Learn] Bursting column 0 but no best match found.
2025-05-04 04:34:57,634 [DEBUG] [Connections] Segments for cell 0: []
2025-05-04 04:34:57,634 [DEBUG] [Connections] Segments for cell 1: []
2025-05-04 04:34:57,634 [DEBUG] [Connections] Segments for cell 2: []
2025-05-04 04:34:57,634 [DEBUG] [Connections] Segments for cell 3: []
2025-05-04 04:34:57,634 [DEBUG] [Connections] Segments for cell 4: []
2025-05-04 04:34:57,634 [DEBUG] [Connections] Segments for cell 5: []
2025-05-04 04:34:57,635 [DEBUG] Predicted cells this step: set()
2025-05-04 04:34:57,635 [DEBUG] [Connections] Segments for cell 0: []
2025-05-04 04:34:57,635 [DEBUG] [Connections] Segments for cell 1: []
2025-05-04 04:34:57,635 [DEBUG] [Connections] Segments for cell 2: []
2025-05-04 04:34:57,635 [DEBUG] [Connections] Segments for cell 3: []
2025-05-04 04:34:57,635 [DEBUG] Predicted cells this step: set()
2025-05-04 04:34:57,635 [DEBUG] [Connections] Creating synapse: segment=0, cell=0, perm=0.6
2025-05-04 04:34:57,636 [DEBUG] [Connections] Segments for cell 0: [0]
2025-05-04 04:34:57,636 [DEBUG] [BestMatch] Column=0 Cell=0 Segment=0 ActiveConnected=1
2025-05-04 04:34:57,636 [DEBUG] [Connections] Segments for cell 1: []
2025-05-04 04:34:57,636 [DEBUG] [BestMatch] Column=0 has no segment meeting minThreshold=2
2025-05-04 04:34:57,636 [DEBUG] [Connections] Creating synapse: segment=0, cell=1, perm=0.6
2025-05-04 04:34:57,636 [DEBUG] [Connections] Segments for cell 0: [0]
2025-05-04 04:34:57,636 [DEBUG] [BestMatch] Column=0 Cell=0 Segment=0 ActiveConnected=2
2025-05-04 04:34:57,636 [DEBUG] [Connections] Segments for cell 1: []
2025-05-04 04:34:57,636 [DEBUG] [BestMatch] Column=0 selected Cell=0 Segment=0 with overlap=2
2025-05-04 04:34:57,636 [DEBUG] [Connections] Segments for cell 0: []
2025-05-04 04:34:57,636 [DEBUG] [Connections] Segments for cell 1: []
2025-05-04 04:34:57,636 [DEBUG] [BestMatch] Column=0 has no segment meeting minThreshold=1
2025-05-04 04:34:57,636 [DEBUG] [Activate] Column 0: best_cell=None, best_seg=None
2025-05-04 04:34:57,636 [DEBUG] [Activate] Bursting column 0
2025-05-04 04:34:57,636 [DEBUG] [Connections] Segments for cell 0: []
2025-05-04 04:34:57,636 [DEBUG] [Connections] Segments for cell 1: []
2025-05-04 04:34:57,636 [DEBUG] [BestMatch] Column=0 has no segment meeting minThreshold=1
2025-05-04 04:34:57,636 [DEBUG] [Connections] Segments for cell 0: []
2025-05-04 04:34:57,636 [DEBUG] [Connections] Segments for cell 1: []
2025-05-04 04:34:57,636 [DEBUG] [Burst] Column 0: no matching segment, fallback winner=0
2025-05-04 04:34:57,636 [DEBUG] [Learn] prevActiveCells=set()
2025-05-04 04:34:57,636 [DEBUG] [Connections] Segments for cell 0: []
2025-05-04 04:34:57,636 [DEBUG] [Connections] Segments for cell 1: []
2025-05-04 04:34:57,636 [DEBUG] [BestMatch] Column=0 has no segment meeting minThreshold=1
2025-05-04 04:34:57,637 [DEBUG] [Learn] Bursting column 0 but no best match found.
2025-05-04 04:34:57,637 [DEBUG] [Connections] Segments for cell 0: []
2025-05-04 04:34:57,637 [DEBUG] [Connections] Segments for cell 1: []
2025-05-04 04:34:57,637 [DEBUG] [Connections] Segments for cell 2: []
2025-05-04 04:34:57,637 [DEBUG] [Connections] Segments for cell 3: []
2025-05-04 04:34:57,637 [DEBUG] [Connections] Segments for cell 4: []
2025-05-04 04:34:57,637 [DEBUG] [Connections] Segments for cell 5: []
2025-05-04 04:34:57,637 [DEBUG] [Connections] Segments for cell 6: []
2025-05-04 04:34:57,637 [DEBUG] [Connections] Segments for cell 7: []
2025-05-04 04:34:57,637 [DEBUG] Predicted cells this step: set()
2025-05-04 04:34:57,637 [DEBUG] [Connections] Segments for cell 2: []
2025-05-04 04:34:57,637 [DEBUG] [Connections] Segments for cell 3: []
2025-05-04 04:34:57,637 [DEBUG] [BestMatch] Column=1 has no segment meeting minThreshold=1
2025-05-04 04:34:57,637 [DEBUG] [Activate] Column 1: best_cell=None, best_seg=None
2025-05-04 04:34:57,637 [DEBUG] [Activate] Bursting column 1
2025-05-04 04:34:57,637 [DEBUG] [Connections] Segments for cell 2: []
2025-05-04 04:34:57,637 [DEBUG] [Connections] Segments for cell 3: []
2025-05-04 04:34:57,637 [DEBUG] [BestMatch] Column=1 has no segment meeting minThreshold=1
2025-05-04 04:34:57,637 [DEBUG] [Connections] Segments for cell 2: []
2025-05-04 04:34:57,637 [DEBUG] [Connections] Segments for cell 3: []
2025-05-04 04:34:57,637 [DEBUG] [Burst] Column 1: no matching segment, fallback winner=2
2025-05-04 04:34:57,637 [DEBUG] [Learn] prevActiveCells={0, 1}
2025-05-04 04:34:57,637 [DEBUG] [Connections] Segments for cell 2: []
2025-05-04 04:34:57,637 [DEBUG] [Connections] Segments for cell 3: []
2025-05-04 04:34:57,637 [DEBUG] [BestMatch] Column=1 has no segment meeting minThreshold=1
2025-05-04 04:34:57,637 [DEBUG] [Learn] Bursting column 1 but no best match found.
2025-05-04 04:34:57,637 [DEBUG] [Connections] Segments for cell 0: []
2025-05-04 04:34:57,637 [DEBUG] [Connections] Segments for cell 1: []
2025-05-04 04:34:57,637 [DEBUG] [Connections] Segments for cell 2: []
2025-05-04 04:34:57,637 [DEBUG] [Connections] Segments for cell 3: []
2025-05-04 04:34:57,637 [DEBUG] [Connections] Segments for cell 4: []
2025-05-04 04:34:57,637 [DEBUG] [Connections] Segments for cell 5: []
2025-05-04 04:34:57,637 [DEBUG] [Connections] Segments for cell 6: []
2025-05-04 04:34:57,637 [DEBUG] [Connections] Segments for cell 7: []
2025-05-04 04:34:57,637 [DEBUG] Predicted cells this step: set()
2025-05-04 04:34:57,637 [DEBUG] [Connections] Segments for cell 4: []
2025-05-04 04:34:57,637 [DEBUG] [Connections] Segments for cell 5: []
2025-05-04 04:34:57,637 [DEBUG] [BestMatch] Column=2 has no segment meeting minThreshold=1
2025-05-04 04:34:57,637 [DEBUG] [Activate] Column 2: best_cell=None, best_seg=None
2025-05-04 04:34:57,637 [DEBUG] [Activate] Bursting column 2
2025-05-04 04:34:57,637 [DEBUG] [Connections] Segments for cell 4: []
2025-05-04 04:34:57,637 [DEBUG] [Connections] Segments for cell 5: []
2025-05-04 04:34:57,637 [DEBUG] [BestMatch] Column=2 has no segment meeting minThreshold=1
2025-05-04 04:34:57,637 [DEBUG] [Connections] Segments for cell 4: []
2025-05-04 04:34:57,637 [DEBUG] [Connections] Segments for cell 5: []
2025-05-04 04:34:57,637 [DEBUG] [Burst] Column 2: no matching segment, fallback winner=4
2025-05-04 04:34:57,638 [DEBUG] [Learn] prevActiveCells={2, 3}
2025-05-04 04:34:57,638 [DEBUG] [Connections] Segments for cell 4: []
2025-05-04 04:34:57,638 [DEBUG] [Connections] Segments for cell 5: []
2025-05-04 04:34:57,638 [DEBUG] [BestMatch] Column=2 has no segment meeting minThreshold=1
2025-05-04 04:34:57,638 [DEBUG] [Learn] Bursting column 2 but no best match found.
2025-05-04 04:34:57,638 [DEBUG] [Connections] Segments for cell 0: []
2025-05-04 04:34:57,638 [DEBUG] [Connections] Segments for cell 1: []
2025-05-04 04:34:57,638 [DEBUG] [Connections] Segments for cell 2: []
2025-05-04 04:34:57,638 [DEBUG] [Connections] Segments for cell 3: []
2025-05-04 04:34:57,638 [DEBUG] [Connections] Segments for cell 4: []
2025-05-04 04:34:57,638 [DEBUG] [Connections] Segments for cell 5: []
2025-05-04 04:34:57,638 [DEBUG] [Connections] Segments for cell 6: []
2025-05-04 04:34:57,638 [DEBUG] [Connections] Segments for cell 7: []
2025-05-04 04:34:57,638 [DEBUG] Predicted cells this step: set()
2025-05-04 04:34:57,638 [DEBUG] [Connections] Segments for cell 6: []
2025-05-04 04:34:57,638 [DEBUG] [Connections] Segments for cell 7: []
2025-05-04 04:34:57,638 [DEBUG] [BestMatch] Column=3 has no segment meeting minThreshold=1
2025-05-04 04:34:57,638 [DEBUG] [Activate] Column 3: best_cell=None, best_seg=None
2025-05-04 04:34:57,638 [DEBUG] [Activate] Bursting column 3
2025-05-04 04:34:57,638 [DEBUG] [Connections] Segments for cell 6: []
2025-05-04 04:34:57,638 [DEBUG] [Connections] Segments for cell 7: []
2025-05-04 04:34:57,638 [DEBUG] [BestMatch] Column=3 has no segment meeting minThreshold=1
2025-05-04 04:34:57,638 [DEBUG] [Connections] Segments for cell 6: []
2025-05-04 04:34:57,638 [DEBUG] [Connections] Segments for cell 7: []
2025-05-04 04:34:57,638 [DEBUG] [Burst] Column 3: no matching segment, fallback winner=6
2025-05-04 04:34:57,638 [DEBUG] [Learn] prevActiveCells={4, 5}
2025-05-04 04:34:57,638 [DEBUG] [Connections] Segments for cell 6: []
2025-05-04 04:34:57,638 [DEBUG] [Connections] Segments for cell 7: []
2025-05-04 04:34:57,638 [DEBUG] [BestMatch] Column=3 has no segment meeting minThreshold=1
2025-05-04 04:34:57,638 [DEBUG] [Learn] Bursting column 3 but no best match found.
2025-05-04 04:34:57,638 [DEBUG] [Connections] Segments for cell 0: []
2025-05-04 04:34:57,638 [DEBUG] [Connections] Segments for cell 1: []
2025-05-04 04:34:57,638 [DEBUG] [Connections] Segments for cell 2: []
2025-05-04 04:34:57,638 [DEBUG] [Connections] Segments for cell 3: []
2025-05-04 04:34:57,638 [DEBUG] [Connections] Segments for cell 4: []
2025-05-04 04:34:57,638 [DEBUG] [Connections] Segments for cell 5: []
2025-05-04 04:34:57,638 [DEBUG] [Connections] Segments for cell 6: []
2025-05-04 04:34:57,638 [DEBUG] [Connections] Segments for cell 7: []
2025-05-04 04:34:57,638 [DEBUG] Predicted cells this step: set()
2025-05-04 04:34:57,638 [DEBUG] [Connections] Segments for cell 2: []
2025-05-04 04:34:57,638 [DEBUG] [Connections] Segments for cell 3: []
2025-05-04 04:34:57,638 [DEBUG] [BestMatch] Column=1 has no segment meeting minThreshold=1
2025-05-04 04:34:57,638 [DEBUG] [Activate] Column 1: best_cell=None, best_seg=None
2025-05-04 04:34:57,638 [DEBUG] [Activate] Bursting column 1
2025-05-04 04:34:57,638 [DEBUG] [Connections] Segments for cell 2: []
2025-05-04 04:34:57,638 [DEBUG] [Connections] Segments for cell 3: []
2025-05-04 04:34:57,638 [DEBUG] [BestMatch] Column=1 has no segment meeting minThreshold=1
2025-05-04 04:34:57,639 [DEBUG] [Connections] Segments for cell 2: []
2025-05-04 04:34:57,639 [DEBUG] [Connections] Segments for cell 3: []
2025-05-04 04:34:57,639 [DEBUG] [Burst] Column 1: no matching segment, fallback winner=2
2025-05-04 04:34:57,639 [DEBUG] [Learn] prevActiveCells={6, 7}
2025-05-04 04:34:57,639 [DEBUG] [Connections] Segments for cell 2: []
2025-05-04 04:34:57,639 [DEBUG] [Connections] Segments for cell 3: []
2025-05-04 04:34:57,639 [DEBUG] [BestMatch] Column=1 has no segment meeting minThreshold=1
2025-05-04 04:34:57,639 [DEBUG] [Learn] Bursting column 1 but no best match found.
2025-05-04 04:34:57,639 [DEBUG] [Connections] Segments for cell 0: []
2025-05-04 04:34:57,639 [DEBUG] [Connections] Segments for cell 1: []
2025-05-04 04:34:57,639 [DEBUG] [Connections] Segments for cell 2: []
2025-05-04 04:34:57,639 [DEBUG] [Connections] Segments for cell 3: []
2025-05-04 04:34:57,639 [DEBUG] [Connections] Segments for cell 4: []
2025-05-04 04:34:57,639 [DEBUG] [Connections] Segments for cell 5: []
2025-05-04 04:34:57,639 [DEBUG] [Connections] Segments for cell 6: []
2025-05-04 04:34:57,639 [DEBUG] [Connections] Segments for cell 7: []
2025-05-04 04:34:57,639 [DEBUG] Predicted cells this step: set()
2025-05-04 04:34:57,639 [DEBUG] [Connections] Segments for cell 4: []
2025-05-04 04:34:57,639 [DEBUG] [Connections] Segments for cell 5: []
2025-05-04 04:34:57,639 [DEBUG] [BestMatch] Column=2 has no segment meeting minThreshold=1
2025-05-04 04:34:57,639 [DEBUG] [Activate] Column 2: best_cell=None, best_seg=None
2025-05-04 04:34:57,639 [DEBUG] [Activate] Bursting column 2
2025-05-04 04:34:57,639 [DEBUG] [Connections] Segments for cell 4: []
2025-05-04 04:34:57,639 [DEBUG] [Connections] Segments for cell 5: []
2025-05-04 04:34:57,639 [DEBUG] [BestMatch] Column=2 has no segment meeting minThreshold=1
2025-05-04 04:34:57,639 [DEBUG] [Connections] Segments for cell 4: []
2025-05-04 04:34:57,639 [DEBUG] [Connections] Segments for cell 5: []
2025-05-04 04:34:57,639 [DEBUG] [Burst] Column 2: no matching segment, fallback winner=4
2025-05-04 04:34:57,639 [DEBUG] [Learn] prevActiveCells={2, 3}
2025-05-04 04:34:57,639 [DEBUG] [Connections] Segments for cell 4: []
2025-05-04 04:34:57,639 [DEBUG] [Connections] Segments for cell 5: []
2025-05-04 04:34:57,639 [DEBUG] [BestMatch] Column=2 has no segment meeting minThreshold=1
2025-05-04 04:34:57,639 [DEBUG] [Learn] Bursting column 2 but no best match found.
2025-05-04 04:34:57,639 [DEBUG] [Connections] Segments for cell 0: []
2025-05-04 04:34:57,639 [DEBUG] [Connections] Segments for cell 1: []
2025-05-04 04:34:57,639 [DEBUG] [Connections] Segments for cell 2: []
2025-05-04 04:34:57,639 [DEBUG] [Connections] Segments for cell 3: []
2025-05-04 04:34:57,639 [DEBUG] [Connections] Segments for cell 4: []
2025-05-04 04:34:57,639 [DEBUG] [Connections] Segments for cell 5: []
2025-05-04 04:34:57,639 [DEBUG] [Connections] Segments for cell 6: []
2025-05-04 04:34:57,639 [DEBUG] [Connections] Segments for cell 7: []
2025-05-04 04:34:57,639 [DEBUG] Predicted cells this step: set()
2025-05-04 04:34:57,639 [DEBUG] [Connections] Segments for cell 0: []
2025-05-04 04:34:57,639 [DEBUG] [Connections] Segments for cell 1: []
2025-05-04 04:34:57,639 [DEBUG] [BestMatch] Column=0 has no segment meeting minThreshold=1
2025-05-04 04:34:57,639 [DEBUG] [Activate] Column 0: best_cell=None, best_seg=None
2025-05-04 04:34:57,639 [DEBUG] [Activate] Bursting column 0
2025-05-04 04:34:57,639 [DEBUG] [Connections] Segments for cell 0: []
2025-05-04 04:34:57,639 [DEBUG] [Connections] Segments for cell 1: []
2025-05-04 04:34:57,639 [DEBUG] [BestMatch] Column=0 has no segment meeting minThreshold=1
2025-05-04 04:34:57,640 [DEBUG] [Connections] Segments for cell 0: []
2025-05-04 04:34:57,640 [DEBUG] [Connections] Segments for cell 1: []
2025-05-04 04:34:57,640 [DEBUG] [Burst] Column 0: no matching segment, fallback winner=0
2025-05-04 04:34:57,640 [DEBUG] [Learn] prevActiveCells={4, 5}
2025-05-04 04:34:57,640 [DEBUG] [Connections] Segments for cell 0: []
2025-05-04 04:34:57,640 [DEBUG] [Connections] Segments for cell 1: []
2025-05-04 04:34:57,640 [DEBUG] [BestMatch] Column=0 has no segment meeting minThreshold=1
2025-05-04 04:34:57,640 [DEBUG] [Learn] Bursting column 0 but no best match found.
2025-05-04 04:34:57,640 [DEBUG] [Connections] Segments for cell 0: []
2025-05-04 04:34:57,640 [DEBUG] [Connections] Segments for cell 1: []
2025-05-04 04:34:57,640 [DEBUG] [Connections] Segments for cell 2: []
2025-05-04 04:34:57,640 [DEBUG] [Connections] Segments for cell 3: []
2025-05-04 04:34:57,640 [DEBUG] [Connections] Segments for cell 4: []
2025-05-04 04:34:57,640 [DEBUG] [Connections] Segments for cell 5: []
2025-05-04 04:34:57,640 [DEBUG] [Connections] Segments for cell 6: []
2025-05-04 04:34:57,640 [DEBUG] [Connections] Segments for cell 7: []
2025-05-04 04:34:57,640 [DEBUG] Predicted cells this step: set()
2025-05-04 04:34:57,640 [DEBUG] [Connections] Segments for cell 2: []
2025-05-04 04:34:57,640 [DEBUG] [Connections] Segments for cell 3: []
2025-05-04 04:34:57,640 [DEBUG] [BestMatch] Column=1 has no segment meeting minThreshold=1
2025-05-04 04:34:57,640 [DEBUG] [Activate] Column 1: best_cell=None, best_seg=None
2025-05-04 04:34:57,640 [DEBUG] [Activate] Bursting column 1
2025-05-04 04:34:57,640 [DEBUG] [Connections] Segments for cell 2: []
2025-05-04 04:34:57,640 [DEBUG] [Connections] Segments for cell 3: []
2025-05-04 04:34:57,640 [DEBUG] [BestMatch] Column=1 has no segment meeting minThreshold=1
2025-05-04 04:34:57,640 [DEBUG] [Connections] Segments for cell 2: []
2025-05-04 04:34:57,640 [DEBUG] [Connections] Segments for cell 3: []
2025-05-04 04:34:57,640 [DEBUG] [Burst] Column 1: no matching segment, fallback winner=2
2025-05-04 04:34:57,640 [DEBUG] [Learn] prevActiveCells={0, 1}
2025-05-04 04:34:57,640 [DEBUG] [Connections] Segments for cell 2: []
2025-05-04 04:34:57,640 [DEBUG] [Connections] Segments for cell 3: []
2025-05-04 04:34:57,640 [DEBUG] [BestMatch] Column=1 has no segment meeting minThreshold=1
2025-05-04 04:34:57,640 [DEBUG] [Learn] Bursting column 1 but no best match found.
2025-05-04 04:34:57,640 [DEBUG] [Connections] Segments for cell 0: []
2025-05-04 04:34:57,640 [DEBUG] [Connections] Segments for cell 1: []
2025-05-04 04:34:57,640 [DEBUG] [Connections] Segments for cell 2: []
2025-05-04 04:34:57,640 [DEBUG] [Connections] Segments for cell 3: []
2025-05-04 04:34:57,640 [DEBUG] [Connections] Segments for cell 4: []
2025-05-04 04:34:57,640 [DEBUG] [Connections] Segments for cell 5: []
2025-05-04 04:34:57,640 [DEBUG] [Connections] Segments for cell 6: []
2025-05-04 04:34:57,640 [DEBUG] [Connections] Segments for cell 7: []
2025-05-04 04:34:57,640 [DEBUG] Predicted cells this step: set()
2025-05-04 04:34:57,640 [DEBUG] [Connections] Segments for cell 4: []
2025-05-04 04:34:57,640 [DEBUG] [Connections] Segments for cell 5: []
2025-05-04 04:34:57,640 [DEBUG] [BestMatch] Column=2 has no segment meeting minThreshold=1
2025-05-04 04:34:57,640 [DEBUG] [Activate] Column 2: best_cell=None, best_seg=None
2025-05-04 04:34:57,640 [DEBUG] [Activate] Bursting column 2
2025-05-04 04:34:57,640 [DEBUG] [Connections] Segments for cell 4: []
2025-05-04 04:34:57,640 [DEBUG] [Connections] Segments for cell 5: []
2025-05-04 04:34:57,640 [DEBUG] [BestMatch] Column=2 has no segment meeting minThreshold=1
2025-05-04 04:34:57,641 [DEBUG] [Connections] Segments for cell 4: []
2025-05-04 04:34:57,641 [DEBUG] [Connections] Segments for cell 5: []
2025-05-04 04:34:57,641 [DEBUG] [Burst] Column 2: no matching segment, fallback winner=4
2025-05-04 04:34:57,641 [DEBUG] [Learn] prevActiveCells={2, 3}
2025-05-04 04:34:57,641 [DEBUG] [Connections] Segments for cell 4: []
2025-05-04 04:34:57,641 [DEBUG] [Connections] Segments for cell 5: []
2025-05-04 04:34:57,641 [DEBUG] [BestMatch] Column=2 has no segment meeting minThreshold=1
2025-05-04 04:34:57,641 [DEBUG] [Learn] Bursting column 2 but no best match found.
2025-05-04 04:34:57,641 [DEBUG] [Connections] Segments for cell 0: []
2025-05-04 04:34:57,641 [DEBUG] [Connections] Segments for cell 1: []
2025-05-04 04:34:57,641 [DEBUG] [Connections] Segments for cell 2: []
2025-05-04 04:34:57,641 [DEBUG] [Connections] Segments for cell 3: []
2025-05-04 04:34:57,641 [DEBUG] [Connections] Segments for cell 4: []
2025-05-04 04:34:57,641 [DEBUG] [Connections] Segments for cell 5: []
2025-05-04 04:34:57,641 [DEBUG] [Connections] Segments for cell 6: []
2025-05-04 04:34:57,641 [DEBUG] [Connections] Segments for cell 7: []
2025-05-04 04:34:57,641 [DEBUG] Predicted cells this step: set()
2025-05-04 04:34:57,641 [DEBUG] [Connections] Segments for cell 6: []
2025-05-04 04:34:57,641 [DEBUG] [Connections] Segments for cell 7: []
2025-05-04 04:34:57,641 [DEBUG] [BestMatch] Column=3 has no segment meeting minThreshold=1
2025-05-04 04:34:57,641 [DEBUG] [Activate] Column 3: best_cell=None, best_seg=None
2025-05-04 04:34:57,641 [DEBUG] [Activate] Bursting column 3
2025-05-04 04:34:57,641 [DEBUG] [Connections] Segments for cell 6: []
2025-05-04 04:34:57,641 [DEBUG] [Connections] Segments for cell 7: []
2025-05-04 04:34:57,641 [DEBUG] [BestMatch] Column=3 has no segment meeting minThreshold=1
2025-05-04 04:34:57,641 [DEBUG] [Connections] Segments for cell 6: []
2025-05-04 04:34:57,641 [DEBUG] [Connections] Segments for cell 7: []
2025-05-04 04:34:57,641 [DEBUG] [Burst] Column 3: no matching segment, fallback winner=6
2025-05-04 04:34:57,641 [DEBUG] [Learn] prevActiveCells={4, 5}
2025-05-04 04:34:57,641 [DEBUG] [Connections] Segments for cell 6: []
2025-05-04 04:34:57,641 [DEBUG] [Connections] Segments for cell 7: []
2025-05-04 04:34:57,641 [DEBUG] [BestMatch] Column=3 has no segment meeting minThreshold=1
2025-05-04 04:34:57,641 [DEBUG] [Learn] Bursting column 3 but no best match found.
2025-05-04 04:34:57,641 [DEBUG] [Connections] Segments for cell 0: []
2025-05-04 04:34:57,641 [DEBUG] [Connections] Segments for cell 1: []
2025-05-04 04:34:57,641 [DEBUG] [Connections] Segments for cell 2: []
2025-05-04 04:34:57,641 [DEBUG] [Connections] Segments for cell 3: []
2025-05-04 04:34:57,642 [DEBUG] [Connections] Segments for cell 4: []
2025-05-04 04:34:57,642 [DEBUG] [Connections] Segments for cell 5: []
2025-05-04 04:34:57,642 [DEBUG] [Connections] Segments for cell 6: []
2025-05-04 04:34:57,642 [DEBUG] [Connections] Segments for cell 7: []
2025-05-04 04:34:57,642 [DEBUG] Predicted cells this step: set()
2025-05-04 04:34:57,642 [DEBUG] [Connections] Segments for cell 2: []
2025-05-04 04:34:57,642 [DEBUG] [Connections] Segments for cell 3: []
2025-05-04 04:34:57,642 [DEBUG] [BestMatch] Column=1 has no segment meeting minThreshold=1
2025-05-04 04:34:57,642 [DEBUG] [Activate] Column 1: best_cell=None, best_seg=None
2025-05-04 04:34:57,642 [DEBUG] [Activate] Bursting column 1
2025-05-04 04:34:57,642 [DEBUG] [Connections] Segments for cell 2: []
2025-05-04 04:34:57,642 [DEBUG] [Connections] Segments for cell 3: []
2025-05-04 04:34:57,642 [DEBUG] [BestMatch] Column=1 has no segment meeting minThreshold=1
2025-05-04 04:34:57,642 [DEBUG] [Connections] Segments for cell 2: []
2025-05-04 04:34:57,642 [DEBUG] [Connections] Segments for cell 3: []
2025-05-04 04:34:57,642 [DEBUG] [Burst] Column 1: no matching segment, fallback winner=2
2025-05-04 04:34:57,642 [DEBUG] [Learn] prevActiveCells={6, 7}
2025-05-04 04:34:57,642 [DEBUG] [Connections] Segments for cell 2: []
2025-05-04 04:34:57,642 [DEBUG] [Connections] Segments for cell 3: []
2025-05-04 04:34:57,642 [DEBUG] [BestMatch] Column=1 has no segment meeting minThreshold=1
2025-05-04 04:34:57,642 [DEBUG] [Learn] Bursting column 1 but no best match found.
2025-05-04 04:34:57,642 [DEBUG] [Connections] Segments for cell 0: []
2025-05-04 04:34:57,642 [DEBUG] [Connections] Segments for cell 1: []
2025-05-04 04:34:57,642 [DEBUG] [Connections] Segments for cell 2: []
2025-05-04 04:34:57,642 [DEBUG] [Connections] Segments for cell 3: []
2025-05-04 04:34:57,642 [DEBUG] [Connections] Segments for cell 4: []
2025-05-04 04:34:57,642 [DEBUG] [Connections] Segments for cell 5: []
2025-05-04 04:34:57,642 [DEBUG] [Connections] Segments for cell 6: []
2025-05-04 04:34:57,642 [DEBUG] [Connections] Segments for cell 7: []
2025-05-04 04:34:57,642 [DEBUG] Predicted cells this step: set()
2025-05-04 04:34:57,642 [DEBUG] [Connections] Segments for cell 4: []
2025-05-04 04:34:57,642 [DEBUG] [Connections] Segments for cell 5: []
2025-05-04 04:34:57,643 [DEBUG] [BestMatch] Column=2 has no segment meeting minThreshold=1
2025-05-04 04:34:57,643 [DEBUG] [Activate] Column 2: best_cell=None, best_seg=None
2025-05-04 04:34:57,643 [DEBUG] [Activate] Bursting column 2
2025-05-04 04:34:57,643 [DEBUG] [Connections] Segments for cell 4: []
2025-05-04 04:34:57,643 [DEBUG] [Connections] Segments for cell 5: []
2025-05-04 04:34:57,643 [DEBUG] [BestMatch] Column=2 has no segment meeting minThreshold=1
2025-05-04 04:34:57,643 [DEBUG] [Connections] Segments for cell 4: []
2025-05-04 04:34:57,643 [DEBUG] [Connections] Segments for cell 5: []
2025-05-04 04:34:57,643 [DEBUG] [Burst] Column 2: no matching segment, fallback winner=4
2025-05-04 04:34:57,643 [DEBUG] [Learn] prevActiveCells={2, 3}
2025-05-04 04:34:57,643 [DEBUG] [Connections] Segments for cell 4: []
2025-05-04 04:34:57,643 [DEBUG] [Connections] Segments for cell 5: []
2025-05-04 04:34:57,643 [DEBUG] [BestMatch] Column=2 has no segment meeting minThreshold=1
2025-05-04 04:34:57,643 [DEBUG] [Learn] Bursting column 2 but no best match found.
2025-05-04 04:34:57,643 [DEBUG] [Connections] Segments for cell 0: []
2025-05-04 04:34:57,643 [DEBUG] [Connections] Segments for cell 1: []
2025-05-04 04:34:57,643 [DEBUG] [Connections] Segments for cell 2: []
2025-05-04 04:34:57,643 [DEBUG] [Connections] Segments for cell 3: []
2025-05-04 04:34:57,643 [DEBUG] [Connections] Segments for cell 4: []
2025-05-04 04:34:57,643 [DEBUG] [Connections] Segments for cell 5: []
2025-05-04 04:34:57,643 [DEBUG] [Connections] Segments for cell 6: []
2025-05-04 04:34:57,643 [DEBUG] [Connections] Segments for cell 7: []
2025-05-04 04:34:57,643 [DEBUG] Predicted cells this step: set()
2025-05-04 04:34:57,643 [DEBUG] [Connections] Segments for cell 0: []
2025-05-04 04:34:57,643 [DEBUG] [Connections] Segments for cell 1: []
2025-05-04 04:34:57,643 [DEBUG] [BestMatch] Column=0 has no segment meeting minThreshold=1
2025-05-04 04:34:57,643 [DEBUG] [Activate] Column 0: best_cell=None, best_seg=None
2025-05-04 04:34:57,643 [DEBUG] [Activate] Bursting column 0
2025-05-04 04:34:57,643 [DEBUG] [Connections] Segments for cell 0: []
2025-05-04 04:34:57,643 [DEBUG] [Connections] Segments for cell 1: []
2025-05-04 04:34:57,643 [DEBUG] [BestMatch] Column=0 has no segment meeting minThreshold=1
2025-05-04 04:34:57,643 [DEBUG] [Connections] Segments for cell 0: []
2025-05-04 04:34:57,643 [DEBUG] [Connections] Segments for cell 1: []
2025-05-04 04:34:57,643 [DEBUG] [Burst] Column 0: no matching segment, fallback winner=0
2025-05-04 04:34:57,643 [DEBUG] [Learn] prevActiveCells={4, 5}
2025-05-04 04:34:57,643 [DEBUG] [Connections] Segments for cell 0: []
2025-05-04 04:34:57,643 [DEBUG] [Connections] Segments for cell 1: []
2025-05-04 04:34:57,643 [DEBUG] [BestMatch] Column=0 has no segment meeting minThreshold=1
2025-05-04 04:34:57,643 [DEBUG] [Learn] Bursting column 0 but no best match found.
2025-05-04 04:34:57,643 [DEBUG] [Connections] Segments for cell 0: []
2025-05-04 04:34:57,643 [DEBUG] [Connections] Segments for cell 1: []
2025-05-04 04:34:57,643 [DEBUG] [Connections] Segments for cell 2: []
2025-05-04 04:34:57,643 [DEBUG] [Connections] Segments for cell 3: []
2025-05-04 04:34:57,643 [DEBUG] [Connections] Segments for cell 4: []
2025-05-04 04:34:57,643 [DEBUG] [Connections] Segments for cell 5: []
2025-05-04 04:34:57,643 [DEBUG] [Connections] Segments for cell 6: []
2025-05-04 04:34:57,643 [DEBUG] [Connections] Segments for cell 7: []
2025-05-04 04:34:57,643 [DEBUG] Predicted cells this step: set()
2025-05-04 04:34:57,643 [DEBUG] [Connections] Segments for cell 2: []
2025-05-04 04:34:57,643 [DEBUG] [Connections] Segments for cell 3: []
2025-05-04 04:34:57,644 [DEBUG] [BestMatch] Column=1 has no segment meeting minThreshold=1
2025-05-04 04:34:57,644 [DEBUG] [Activate] Column 1: best_cell=None, best_seg=None
2025-05-04 04:34:57,644 [DEBUG] [Activate] Bursting column 1
2025-05-04 04:34:57,644 [DEBUG] [Connections] Segments for cell 2: []
2025-05-04 04:34:57,644 [DEBUG] [Connections] Segments for cell 3: []
2025-05-04 04:34:57,644 [DEBUG] [BestMatch] Column=1 has no segment meeting minThreshold=1
2025-05-04 04:34:57,644 [DEBUG] [Connections] Segments for cell 2: []
2025-05-04 04:34:57,644 [DEBUG] [Connections] Segments for cell 3: []
2025-05-04 04:34:57,644 [DEBUG] [Burst] Column 1: no matching segment, fallback winner=2
2025-05-04 04:34:57,644 [DEBUG] [Learn] prevActiveCells={0, 1}
2025-05-04 04:34:57,644 [DEBUG] [Connections] Segments for cell 2: []
2025-05-04 04:34:57,644 [DEBUG] [Connections] Segments for cell 3: []
2025-05-04 04:34:57,644 [DEBUG] [BestMatch] Column=1 has no segment meeting minThreshold=1
2025-05-04 04:34:57,644 [DEBUG] [Learn] Bursting column 1 but no best match found.
2025-05-04 04:34:57,644 [DEBUG] [Connections] Segments for cell 0: []
2025-05-04 04:34:57,644 [DEBUG] [Connections] Segments for cell 1: []
2025-05-04 04:34:57,644 [DEBUG] [Connections] Segments for cell 2: []
2025-05-04 04:34:57,644 [DEBUG] [Connections] Segments for cell 3: []
2025-05-04 04:34:57,644 [DEBUG] [Connections] Segments for cell 4: []
2025-05-04 04:34:57,644 [DEBUG] [Connections] Segments for cell 5: []
2025-05-04 04:34:57,644 [DEBUG] [Connections] Segments for cell 6: []
2025-05-04 04:34:57,644 [DEBUG] [Connections] Segments for cell 7: []
2025-05-04 04:34:57,644 [DEBUG] Predicted cells this step: set()
2025-05-04 04:34:57,644 [DEBUG] [Connections] Segments for cell 4: []
2025-05-04 04:34:57,644 [DEBUG] [Connections] Segments for cell 5: []
2025-05-04 04:34:57,644 [DEBUG] [BestMatch] Column=2 has no segment meeting minThreshold=1
2025-05-04 04:34:57,644 [DEBUG] [Activate] Column 2: best_cell=None, best_seg=None
2025-05-04 04:34:57,644 [DEBUG] [Activate] Bursting column 2
2025-05-04 04:34:57,644 [DEBUG] [Connections] Segments for cell 4: []
2025-05-04 04:34:57,644 [DEBUG] [Connections] Segments for cell 5: []
2025-05-04 04:34:57,644 [DEBUG] [BestMatch] Column=2 has no segment meeting minThreshold=1
2025-05-04 04:34:57,644 [DEBUG] [Connections] Segments for cell 4: []
2025-05-04 04:34:57,644 [DEBUG] [Connections] Segments for cell 5: []
2025-05-04 04:34:57,644 [DEBUG] [Burst] Column 2: no matching segment, fallback winner=4
2025-05-04 04:34:57,644 [DEBUG] [Learn] prevActiveCells={2, 3}
2025-05-04 04:34:57,644 [DEBUG] [Connections] Segments for cell 4: []
2025-05-04 04:34:57,644 [DEBUG] [Connections] Segments for cell 5: []
2025-05-04 04:34:57,644 [DEBUG] [BestMatch] Column=2 has no segment meeting minThreshold=1
2025-05-04 04:34:57,644 [DEBUG] [Learn] Bursting column 2 but no best match found.
2025-05-04 04:34:57,644 [DEBUG] [Connections] Segments for cell 0: []
2025-05-04 04:34:57,644 [DEBUG] [Connections] Segments for cell 1: []
2025-05-04 04:34:57,644 [DEBUG] [Connections] Segments for cell 2: []
2025-05-04 04:34:57,644 [DEBUG] [Connections] Segments for cell 3: []
2025-05-04 04:34:57,644 [DEBUG] [Connections] Segments for cell 4: []
2025-05-04 04:34:57,644 [DEBUG] [Connections] Segments for cell 5: []
2025-05-04 04:34:57,644 [DEBUG] [Connections] Segments for cell 6: []
2025-05-04 04:34:57,644 [DEBUG] [Connections] Segments for cell 7: []
2025-05-04 04:34:57,644 [DEBUG] Predicted cells this step: set()
2025-05-04 04:34:57,644 [DEBUG] [Connections] Segments for cell 6: []
2025-05-04 04:34:57,645 [DEBUG] [Connections] Segments for cell 7: []
2025-05-04 04:34:57,645 [DEBUG] [BestMatch] Column=3 has no segment meeting minThreshold=1
2025-05-04 04:34:57,645 [DEBUG] [Activate] Column 3: best_cell=None, best_seg=None
2025-05-04 04:34:57,645 [DEBUG] [Activate] Bursting column 3
2025-05-04 04:34:57,645 [DEBUG] [Connections] Segments for cell 6: []
2025-05-04 04:34:57,645 [DEBUG] [Connections] Segments for cell 7: []
2025-05-04 04:34:57,645 [DEBUG] [BestMatch] Column=3 has no segment meeting minThreshold=1
2025-05-04 04:34:57,645 [DEBUG] [Connections] Segments for cell 6: []
2025-05-04 04:34:57,645 [DEBUG] [Connections] Segments for cell 7: []
2025-05-04 04:34:57,645 [DEBUG] [Burst] Column 3: no matching segment, fallback winner=6
2025-05-04 04:34:57,645 [DEBUG] [Learn] prevActiveCells={4, 5}
2025-05-04 04:34:57,645 [DEBUG] [Connections] Segments for cell 6: []
2025-05-04 04:34:57,645 [DEBUG] [Connections] Segments for cell 7: []
2025-05-04 04:34:57,645 [DEBUG] [BestMatch] Column=3 has no segment meeting minThreshold=1
2025-05-04 04:34:57,645 [DEBUG] [Learn] Bursting column 3 but no best match found.
2025-05-04 04:34:57,645 [DEBUG] [Connections] Segments for cell 0: []
2025-05-04 04:34:57,645 [DEBUG] [Connections] Segments for cell 1: []
2025-05-04 04:34:57,645 [DEBUG] [Connections] Segments for cell 2: []
2025-05-04 04:34:57,645 [DEBUG] [Connections] Segments for cell 3: []
2025-05-04 04:34:57,645 [DEBUG] [Connections] Segments for cell 4: []
2025-05-04 04:34:57,645 [DEBUG] [Connections] Segments for cell 5: []
2025-05-04 04:34:57,645 [DEBUG] [Connections] Segments for cell 6: []
2025-05-04 04:34:57,645 [DEBUG] [Connections] Segments for cell 7: []
2025-05-04 04:34:57,645 [DEBUG] Predicted cells this step: set()
2025-05-04 04:34:57,645 [DEBUG] [Connections] Segments for cell 2: []
2025-05-04 04:34:57,645 [DEBUG] [Connections] Segments for cell 3: []
2025-05-04 04:34:57,645 [DEBUG] [BestMatch] Column=1 has no segment meeting minThreshold=1
2025-05-04 04:34:57,645 [DEBUG] [Activate] Column 1: best_cell=None, best_seg=None
2025-05-04 04:34:57,645 [DEBUG] [Activate] Bursting column 1
2025-05-04 04:34:57,645 [DEBUG] [Connections] Segments for cell 2: []
2025-05-04 04:34:57,645 [DEBUG] [Connections] Segments for cell 3: []
2025-05-04 04:34:57,645 [DEBUG] [BestMatch] Column=1 has no segment meeting minThreshold=1
2025-05-04 04:34:57,645 [DEBUG] [Connections] Segments for cell 2: []
2025-05-04 04:34:57,645 [DEBUG] [Connections] Segments for cell 3: []
2025-05-04 04:34:57,645 [DEBUG] [Burst] Column 1: no matching segment, fallback winner=2
2025-05-04 04:34:57,645 [DEBUG] [Learn] prevActiveCells={6, 7}
2025-05-04 04:34:57,645 [DEBUG] [Connections] Segments for cell 2: []
2025-05-04 04:34:57,645 [DEBUG] [Connections] Segments for cell 3: []
2025-05-04 04:34:57,645 [DEBUG] [BestMatch] Column=1 has no segment meeting minThreshold=1
2025-05-04 04:34:57,645 [DEBUG] [Learn] Bursting column 1 but no best match found.
2025-05-04 04:34:57,645 [DEBUG] [Connections] Segments for cell 0: []
2025-05-04 04:34:57,645 [DEBUG] [Connections] Segments for cell 1: []
2025-05-04 04:34:57,645 [DEBUG] [Connections] Segments for cell 2: []
2025-05-04 04:34:57,645 [DEBUG] [Connections] Segments for cell 3: []
2025-05-04 04:34:57,645 [DEBUG] [Connections] Segments for cell 4: []
2025-05-04 04:34:57,645 [DEBUG] [Connections] Segments for cell 5: []
2025-05-04 04:34:57,645 [DEBUG] [Connections] Segments for cell 6: []
2025-05-04 04:34:57,646 [DEBUG] [Connections] Segments for cell 7: []
2025-05-04 04:34:57,646 [DEBUG] Predicted cells this step: set()
2025-05-04 04:34:57,646 [DEBUG] [Connections] Segments for cell 4: []
2025-05-04 04:34:57,646 [DEBUG] [Connections] Segments for cell 5: []
2025-05-04 04:34:57,646 [DEBUG] [BestMatch] Column=2 has no segment meeting minThreshold=1
2025-05-04 04:34:57,646 [DEBUG] [Activate] Column 2: best_cell=None, best_seg=None
2025-05-04 04:34:57,646 [DEBUG] [Activate] Bursting column 2
2025-05-04 04:34:57,646 [DEBUG] [Connections] Segments for cell 4: []
2025-05-04 04:34:57,646 [DEBUG] [Connections] Segments for cell 5: []
2025-05-04 04:34:57,646 [DEBUG] [BestMatch] Column=2 has no segment meeting minThreshold=1
2025-05-04 04:34:57,646 [DEBUG] [Connections] Segments for cell 4: []
2025-05-04 04:34:57,646 [DEBUG] [Connections] Segments for cell 5: []
2025-05-04 04:34:57,646 [DEBUG] [Burst] Column 2: no matching segment, fallback winner=4
2025-05-04 04:34:57,646 [DEBUG] [Learn] prevActiveCells={2, 3}
2025-05-04 04:34:57,646 [DEBUG] [Connections] Segments for cell 4: []
2025-05-04 04:34:57,646 [DEBUG] [Connections] Segments for cell 5: []
2025-05-04 04:34:57,646 [DEBUG] [BestMatch] Column=2 has no segment meeting minThreshold=1
2025-05-04 04:34:57,646 [DEBUG] [Learn] Bursting column 2 but no best match found.
2025-05-04 04:34:57,646 [DEBUG] [Connections] Segments for cell 0: []
2025-05-04 04:34:57,646 [DEBUG] [Connections] Segments for cell 1: []
2025-05-04 04:34:57,646 [DEBUG] [Connections] Segments for cell 2: []
2025-05-04 04:34:57,646 [DEBUG] [Connections] Segments for cell 3: []
2025-05-04 04:34:57,646 [DEBUG] [Connections] Segments for cell 4: []
2025-05-04 04:34:57,646 [DEBUG] [Connections] Segments for cell 5: []
2025-05-04 04:34:57,646 [DEBUG] [Connections] Segments for cell 6: []
2025-05-04 04:34:57,646 [DEBUG] [Connections] Segments for cell 7: []
2025-05-04 04:34:57,646 [DEBUG] Predicted cells this step: set()
2025-05-04 04:34:57,646 [DEBUG] [Connections] Segments for cell 0: []
2025-05-04 04:34:57,646 [DEBUG] [Connections] Segments for cell 1: []
2025-05-04 04:34:57,646 [DEBUG] [BestMatch] Column=0 has no segment meeting minThreshold=1
2025-05-04 04:34:57,646 [DEBUG] [Activate] Column 0: best_cell=None, best_seg=None
2025-05-04 04:34:57,646 [DEBUG] [Activate] Bursting column 0
2025-05-04 04:34:57,646 [DEBUG] [Connections] Segments for cell 0: []
2025-05-04 04:34:57,646 [DEBUG] [Connections] Segments for cell 1: []
2025-05-04 04:34:57,646 [DEBUG] [BestMatch] Column=0 has no segment meeting minThreshold=1
2025-05-04 04:34:57,646 [DEBUG] [Connections] Segments for cell 0: []
2025-05-04 04:34:57,646 [DEBUG] [Connections] Segments for cell 1: []
2025-05-04 04:34:57,646 [DEBUG] [Burst] Column 0: no matching segment, fallback winner=0
2025-05-04 04:34:57,646 [DEBUG] [Learn] prevActiveCells={4, 5}
2025-05-04 04:34:57,646 [DEBUG] [Connections] Segments for cell 0: []
2025-05-04 04:34:57,646 [DEBUG] [Connections] Segments for cell 1: []
2025-05-04 04:34:57,646 [DEBUG] [BestMatch] Column=0 has no segment meeting minThreshold=1
2025-05-04 04:34:57,646 [DEBUG] [Learn] Bursting column 0 but no best match found.
2025-05-04 04:34:57,646 [DEBUG] [Connections] Segments for cell 0: []
2025-05-04 04:34:57,646 [DEBUG] [Connections] Segments for cell 1: []
2025-05-04 04:34:57,646 [DEBUG] [Connections] Segments for cell 2: []
2025-05-04 04:34:57,646 [DEBUG] [Connections] Segments for cell 3: []
2025-05-04 04:34:57,646 [DEBUG] [Connections] Segments for cell 4: []
2025-05-04 04:34:57,646 [DEBUG] [Connections] Segments for cell 5: []
2025-05-04 04:34:57,646 [DEBUG] [Connections] Segments for cell 6: []
2025-05-04 04:34:57,647 [DEBUG] [Connections] Segments for cell 7: []
2025-05-04 04:34:57,647 [DEBUG] Predicted cells this step: set()
2025-05-04 04:34:57,647 [DEBUG] [Connections] Segments for cell 2: []
2025-05-04 04:34:57,647 [DEBUG] [Connections] Segments for cell 3: []
2025-05-04 04:34:57,647 [DEBUG] [BestMatch] Column=1 has no segment meeting minThreshold=1
2025-05-04 04:34:57,647 [DEBUG] [Activate] Column 1: best_cell=None, best_seg=None
2025-05-04 04:34:57,647 [DEBUG] [Activate] Bursting column 1
2025-05-04 04:34:57,647 [DEBUG] [Connections] Segments for cell 2: []
2025-05-04 04:34:57,647 [DEBUG] [Connections] Segments for cell 3: []
2025-05-04 04:34:57,647 [DEBUG] [BestMatch] Column=1 has no segment meeting minThreshold=1
2025-05-04 04:34:57,647 [DEBUG] [Connections] Segments for cell 2: []
2025-05-04 04:34:57,647 [DEBUG] [Connections] Segments for cell 3: []
2025-05-04 04:34:57,647 [DEBUG] [Burst] Column 1: no matching segment, fallback winner=2
2025-05-04 04:34:57,647 [DEBUG] [Learn] prevActiveCells={0, 1}
2025-05-04 04:34:57,647 [DEBUG] [Connections] Segments for cell 2: []
2025-05-04 04:34:57,647 [DEBUG] [Connections] Segments for cell 3: []
2025-05-04 04:34:57,647 [DEBUG] [BestMatch] Column=1 has no segment meeting minThreshold=1
2025-05-04 04:34:57,647 [DEBUG] [Learn] Bursting column 1 but no best match found.
2025-05-04 04:34:57,647 [DEBUG] [Connections] Segments for cell 0: []
2025-05-04 04:34:57,647 [DEBUG] [Connections] Segments for cell 1: []
2025-05-04 04:34:57,647 [DEBUG] [Connections] Segments for cell 2: []
2025-05-04 04:34:57,647 [DEBUG] [Connections] Segments for cell 3: []
2025-05-04 04:34:57,647 [DEBUG] [Connections] Segments for cell 4: []
2025-05-04 04:34:57,647 [DEBUG] [Connections] Segments for cell 5: []
2025-05-04 04:34:57,647 [DEBUG] [Connections] Segments for cell 6: []
2025-05-04 04:34:57,647 [DEBUG] [Connections] Segments for cell 7: []
2025-05-04 04:34:57,647 [DEBUG] Predicted cells this step: set()
2025-05-04 04:34:57,647 [DEBUG] [Connections] Segments for cell 4: []
2025-05-04 04:34:57,647 [DEBUG] [Connections] Segments for cell 5: []
2025-05-04 04:34:57,647 [DEBUG] [BestMatch] Column=2 has no segment meeting minThreshold=1
2025-05-04 04:34:57,647 [DEBUG] [Activate] Column 2: best_cell=None, best_seg=None
2025-05-04 04:34:57,647 [DEBUG] [Activate] Bursting column 2
2025-05-04 04:34:57,647 [DEBUG] [Connections] Segments for cell 4: []
2025-05-04 04:34:57,647 [DEBUG] [Connections] Segments for cell 5: []
2025-05-04 04:34:57,647 [DEBUG] [BestMatch] Column=2 has no segment meeting minThreshold=1
2025-05-04 04:34:57,647 [DEBUG] [Connections] Segments for cell 4: []
2025-05-04 04:34:57,647 [DEBUG] [Connections] Segments for cell 5: []
2025-05-04 04:34:57,647 [DEBUG] [Burst] Column 2: no matching segment, fallback winner=4
2025-05-04 04:34:57,647 [DEBUG] [Learn] prevActiveCells={2, 3}
2025-05-04 04:34:57,647 [DEBUG] [Connections] Segments for cell 4: []
2025-05-04 04:34:57,647 [DEBUG] [Connections] Segments for cell 5: []
2025-05-04 04:34:57,647 [DEBUG] [BestMatch] Column=2 has no segment meeting minThreshold=1
2025-05-04 04:34:57,647 [DEBUG] [Learn] Bursting column 2 but no best match found.
2025-05-04 04:34:57,647 [DEBUG] [Connections] Segments for cell 0: []
2025-05-04 04:34:57,647 [DEBUG] [Connections] Segments for cell 1: []
2025-05-04 04:34:57,647 [DEBUG] [Connections] Segments for cell 2: []
2025-05-04 04:34:57,647 [DEBUG] [Connections] Segments for cell 3: []
2025-05-04 04:34:57,647 [DEBUG] [Connections] Segments for cell 4: []
2025-05-04 04:34:57,648 [DEBUG] [Connections] Segments for cell 5: []
2025-05-04 04:34:57,648 [DEBUG] [Connections] Segments for cell 6: []
2025-05-04 04:34:57,648 [DEBUG] [Connections] Segments for cell 7: []
2025-05-04 04:34:57,648 [DEBUG] Predicted cells this step: set()
2025-05-04 04:34:57,648 [DEBUG] [Connections] Segments for cell 6: []
2025-05-04 04:34:57,648 [DEBUG] [Connections] Segments for cell 7: []
2025-05-04 04:34:57,648 [DEBUG] [BestMatch] Column=3 has no segment meeting minThreshold=1
2025-05-04 04:34:57,648 [DEBUG] [Activate] Column 3: best_cell=None, best_seg=None
2025-05-04 04:34:57,648 [DEBUG] [Activate] Bursting column 3
2025-05-04 04:34:57,648 [DEBUG] [Connections] Segments for cell 6: []
2025-05-04 04:34:57,648 [DEBUG] [Connections] Segments for cell 7: []
2025-05-04 04:34:57,648 [DEBUG] [BestMatch] Column=3 has no segment meeting minThreshold=1
2025-05-04 04:34:57,648 [DEBUG] [Connections] Segments for cell 6: []
2025-05-04 04:34:57,648 [DEBUG] [Connections] Segments for cell 7: []
2025-05-04 04:34:57,648 [DEBUG] [Burst] Column 3: no matching segment, fallback winner=6
2025-05-04 04:34:57,648 [DEBUG] [Learn] prevActiveCells={4, 5}
2025-05-04 04:34:57,648 [DEBUG] [Connections] Segments for cell 6: []
2025-05-04 04:34:57,648 [DEBUG] [Connections] Segments for cell 7: []
2025-05-04 04:34:57,648 [DEBUG] [BestMatch] Column=3 has no segment meeting minThreshold=1
2025-05-04 04:34:57,648 [DEBUG] [Learn] Bursting column 3 but no best match found.
2025-05-04 04:34:57,648 [DEBUG] [Connections] Segments for cell 0: []
2025-05-04 04:34:57,648 [DEBUG] [Connections] Segments for cell 1: []
2025-05-04 04:34:57,648 [DEBUG] [Connections] Segments for cell 2: []
2025-05-04 04:34:57,648 [DEBUG] [Connections] Segments for cell 3: []
2025-05-04 04:34:57,648 [DEBUG] [Connections] Segments for cell 4: []
2025-05-04 04:34:57,648 [DEBUG] [Connections] Segments for cell 5: []
2025-05-04 04:34:57,648 [DEBUG] [Connections] Segments for cell 6: []
2025-05-04 04:34:57,648 [DEBUG] [Connections] Segments for cell 7: []
2025-05-04 04:34:57,648 [DEBUG] Predicted cells this step: set()
2025-05-04 04:34:57,648 [DEBUG] [Connections] Segments for cell 2: []
2025-05-04 04:34:57,648 [DEBUG] [Connections] Segments for cell 3: []
2025-05-04 04:34:57,648 [DEBUG] [BestMatch] Column=1 has no segment meeting minThreshold=1
2025-05-04 04:34:57,648 [DEBUG] [Activate] Column 1: best_cell=None, best_seg=None
2025-05-04 04:34:57,648 [DEBUG] [Activate] Bursting column 1
2025-05-04 04:34:57,648 [DEBUG] [Connections] Segments for cell 2: []
2025-05-04 04:34:57,648 [DEBUG] [Connections] Segments for cell 3: []
2025-05-04 04:34:57,648 [DEBUG] [BestMatch] Column=1 has no segment meeting minThreshold=1
2025-05-04 04:34:57,648 [DEBUG] [Connections] Segments for cell 2: []
2025-05-04 04:34:57,648 [DEBUG] [Connections] Segments for cell 3: []
2025-05-04 04:34:57,648 [DEBUG] [Burst] Column 1: no matching segment, fallback winner=2
2025-05-04 04:34:57,648 [DEBUG] [Learn] prevActiveCells={6, 7}
2025-05-04 04:34:57,648 [DEBUG] [Connections] Segments for cell 2: []
2025-05-04 04:34:57,648 [DEBUG] [Connections] Segments for cell 3: []
2025-05-04 04:34:57,648 [DEBUG] [BestMatch] Column=1 has no segment meeting minThreshold=1
2025-05-04 04:34:57,648 [DEBUG] [Learn] Bursting column 1 but no best match found.
2025-05-04 04:34:57,648 [DEBUG] [Connections] Segments for cell 0: []
2025-05-04 04:34:57,648 [DEBUG] [Connections] Segments for cell 1: []
2025-05-04 04:34:57,648 [DEBUG] [Connections] Segments for cell 2: []
2025-05-04 04:34:57,648 [DEBUG] [Connections] Segments for cell 3: []
2025-05-04 04:34:57,648 [DEBUG] [Connections] Segments for cell 4: []
2025-05-04 04:34:57,649 [DEBUG] [Connections] Segments for cell 5: []
2025-05-04 04:34:57,649 [DEBUG] [Connections] Segments for cell 6: []
2025-05-04 04:34:57,649 [DEBUG] [Connections] Segments for cell 7: []
2025-05-04 04:34:57,649 [DEBUG] Predicted cells this step: set()
2025-05-04 04:34:57,649 [DEBUG] [Connections] Segments for cell 4: []
2025-05-04 04:34:57,649 [DEBUG] [Connections] Segments for cell 5: []
2025-05-04 04:34:57,649 [DEBUG] [BestMatch] Column=2 has no segment meeting minThreshold=1
2025-05-04 04:34:57,649 [DEBUG] [Activate] Column 2: best_cell=None, best_seg=None
2025-05-04 04:34:57,649 [DEBUG] [Activate] Bursting column 2
2025-05-04 04:34:57,649 [DEBUG] [Connections] Segments for cell 4: []
2025-05-04 04:34:57,649 [DEBUG] [Connections] Segments for cell 5: []
2025-05-04 04:34:57,649 [DEBUG] [BestMatch] Column=2 has no segment meeting minThreshold=1
2025-05-04 04:34:57,649 [DEBUG] [Connections] Segments for cell 4: []
2025-05-04 04:34:57,649 [DEBUG] [Connections] Segments for cell 5: []
2025-05-04 04:34:57,649 [DEBUG] [Burst] Column 2: no matching segment, fallback winner=4
2025-05-04 04:34:57,649 [DEBUG] [Learn] prevActiveCells={2, 3}
2025-05-04 04:34:57,649 [DEBUG] [Connections] Segments for cell 4: []
2025-05-04 04:34:57,649 [DEBUG] [Connections] Segments for cell 5: []
2025-05-04 04:34:57,649 [DEBUG] [BestMatch] Column=2 has no segment meeting minThreshold=1
2025-05-04 04:34:57,649 [DEBUG] [Learn] Bursting column 2 but no best match found.
2025-05-04 04:34:57,649 [DEBUG] [Connections] Segments for cell 0: []
2025-05-04 04:34:57,649 [DEBUG] [Connections] Segments for cell 1: []
2025-05-04 04:34:57,649 [DEBUG] [Connections] Segments for cell 2: []
2025-05-04 04:34:57,649 [DEBUG] [Connections] Segments for cell 3: []
2025-05-04 04:34:57,649 [DEBUG] [Connections] Segments for cell 4: []
2025-05-04 04:34:57,649 [DEBUG] [Connections] Segments for cell 5: []
2025-05-04 04:34:57,649 [DEBUG] [Connections] Segments for cell 6: []
2025-05-04 04:34:57,649 [DEBUG] [Connections] Segments for cell 7: []
2025-05-04 04:34:57,649 [DEBUG] Predicted cells this step: set()
2025-05-04 04:34:57,649 [DEBUG] [Connections] Segments for cell 0: []
2025-05-04 04:34:57,649 [DEBUG] [Connections] Segments for cell 1: []
2025-05-04 04:34:57,649 [DEBUG] [BestMatch] Column=0 has no segment meeting minThreshold=1
2025-05-04 04:34:57,649 [DEBUG] [Activate] Column 0: best_cell=None, best_seg=None
2025-05-04 04:34:57,649 [DEBUG] [Activate] Bursting column 0
2025-05-04 04:34:57,649 [DEBUG] [Connections] Segments for cell 0: []
2025-05-04 04:34:57,649 [DEBUG] [Connections] Segments for cell 1: []
2025-05-04 04:34:57,649 [DEBUG] [BestMatch] Column=0 has no segment meeting minThreshold=1
2025-05-04 04:34:57,649 [DEBUG] [Connections] Segments for cell 0: []
2025-05-04 04:34:57,649 [DEBUG] [Connections] Segments for cell 1: []
2025-05-04 04:34:57,649 [DEBUG] [Burst] Column 0: no matching segment, fallback winner=0
2025-05-04 04:34:57,649 [DEBUG] [Learn] prevActiveCells={4, 5}
2025-05-04 04:34:57,649 [DEBUG] [Connections] Segments for cell 0: []
2025-05-04 04:34:57,649 [DEBUG] [Connections] Segments for cell 1: []
2025-05-04 04:34:57,649 [DEBUG] [BestMatch] Column=0 has no segment meeting minThreshold=1
2025-05-04 04:34:57,649 [DEBUG] [Learn] Bursting column 0 but no best match found.
2025-05-04 04:34:57,649 [DEBUG] [Connections] Segments for cell 0: []
2025-05-04 04:34:57,649 [DEBUG] [Connections] Segments for cell 1: []
2025-05-04 04:34:57,649 [DEBUG] [Connections] Segments for cell 2: []
2025-05-04 04:34:57,649 [DEBUG] [Connections] Segments for cell 3: []
2025-05-04 04:34:57,649 [DEBUG] [Connections] Segments for cell 4: []
2025-05-04 04:34:57,650 [DEBUG] [Connections] Segments for cell 5: []
2025-05-04 04:34:57,650 [DEBUG] [Connections] Segments for cell 6: []
2025-05-04 04:34:57,650 [DEBUG] [Connections] Segments for cell 7: []
2025-05-04 04:34:57,650 [DEBUG] Predicted cells this step: set()
2025-05-04 04:34:57,650 [DEBUG] [Connections] Segments for cell 2: []
2025-05-04 04:34:57,650 [DEBUG] [Connections] Segments for cell 3: []
2025-05-04 04:34:57,650 [DEBUG] [BestMatch] Column=1 has no segment meeting minThreshold=1
2025-05-04 04:34:57,650 [DEBUG] [Activate] Column 1: best_cell=None, best_seg=None
2025-05-04 04:34:57,650 [DEBUG] [Activate] Bursting column 1
2025-05-04 04:34:57,650 [DEBUG] [Connections] Segments for cell 2: []
2025-05-04 04:34:57,650 [DEBUG] [Connections] Segments for cell 3: []
2025-05-04 04:34:57,650 [DEBUG] [BestMatch] Column=1 has no segment meeting minThreshold=1
2025-05-04 04:34:57,650 [DEBUG] [Connections] Segments for cell 2: []
2025-05-04 04:34:57,650 [DEBUG] [Connections] Segments for cell 3: []
2025-05-04 04:34:57,650 [DEBUG] [Burst] Column 1: no matching segment, fallback winner=2
2025-05-04 04:34:57,650 [DEBUG] [Learn] prevActiveCells={0, 1}
2025-05-04 04:34:57,650 [DEBUG] [Connections] Segments for cell 2: []
2025-05-04 04:34:57,650 [DEBUG] [Connections] Segments for cell 3: []
2025-05-04 04:34:57,650 [DEBUG] [BestMatch] Column=1 has no segment meeting minThreshold=1
2025-05-04 04:34:57,650 [DEBUG] [Learn] Bursting column 1 but no best match found.
2025-05-04 04:34:57,650 [DEBUG] [Connections] Segments for cell 0: []
2025-05-04 04:34:57,650 [DEBUG] [Connections] Segments for cell 1: []
2025-05-04 04:34:57,650 [DEBUG] [Connections] Segments for cell 2: []
2025-05-04 04:34:57,650 [DEBUG] [Connections] Segments for cell 3: []
2025-05-04 04:34:57,650 [DEBUG] [Connections] Segments for cell 4: []
2025-05-04 04:34:57,650 [DEBUG] [Connections] Segments for cell 5: []
2025-05-04 04:34:57,650 [DEBUG] [Connections] Segments for cell 6: []
2025-05-04 04:34:57,650 [DEBUG] [Connections] Segments for cell 7: []
2025-05-04 04:34:57,650 [DEBUG] Predicted cells this step: set()
2025-05-04 04:34:57,650 [DEBUG] [Connections] Segments for cell 4: []
2025-05-04 04:34:57,650 [DEBUG] [Connections] Segments for cell 5: []
2025-05-04 04:34:57,650 [DEBUG] [BestMatch] Column=2 has no segment meeting minThreshold=1
2025-05-04 04:34:57,650 [DEBUG] [Activate] Column 2: best_cell=None, best_seg=None
2025-05-04 04:34:57,650 [DEBUG] [Activate] Bursting column 2
2025-05-04 04:34:57,650 [DEBUG] [Connections] Segments for cell 4: []
2025-05-04 04:34:57,650 [DEBUG] [Connections] Segments for cell 5: []
2025-05-04 04:34:57,650 [DEBUG] [BestMatch] Column=2 has no segment meeting minThreshold=1
2025-05-04 04:34:57,650 [DEBUG] [Connections] Segments for cell 4: []
2025-05-04 04:34:57,650 [DEBUG] [Connections] Segments for cell 5: []
2025-05-04 04:34:57,650 [DEBUG] [Burst] Column 2: no matching segment, fallback winner=4
2025-05-04 04:34:57,650 [DEBUG] [Learn] prevActiveCells={2, 3}
2025-05-04 04:34:57,650 [DEBUG] [Connections] Segments for cell 4: []
2025-05-04 04:34:57,650 [DEBUG] [Connections] Segments for cell 5: []
2025-05-04 04:34:57,650 [DEBUG] [BestMatch] Column=2 has no segment meeting minThreshold=1
2025-05-04 04:34:57,650 [DEBUG] [Learn] Bursting column 2 but no best match found.
2025-05-04 04:34:57,650 [DEBUG] [Connections] Segments for cell 0: []
2025-05-04 04:34:57,650 [DEBUG] [Connections] Segments for cell 1: []
2025-05-04 04:34:57,650 [DEBUG] [Connections] Segments for cell 2: []
2025-05-04 04:34:57,650 [DEBUG] [Connections] Segments for cell 3: []
2025-05-04 04:34:57,650 [DEBUG] [Connections] Segments for cell 4: []
2025-05-04 04:34:57,650 [DEBUG] [Connections] Segments for cell 5: []
2025-05-04 04:34:57,651 [DEBUG] [Connections] Segments for cell 6: []
2025-05-04 04:34:57,651 [DEBUG] [Connections] Segments for cell 7: []
2025-05-04 04:34:57,651 [DEBUG] Predicted cells this step: set()
2025-05-04 04:34:57,651 [DEBUG] [Connections] Segments for cell 6: []
2025-05-04 04:34:57,651 [DEBUG] [Connections] Segments for cell 7: []
2025-05-04 04:34:57,651 [DEBUG] [BestMatch] Column=3 has no segment meeting minThreshold=1
2025-05-04 04:34:57,651 [DEBUG] [Activate] Column 3: best_cell=None, best_seg=None
2025-05-04 04:34:57,651 [DEBUG] [Activate] Bursting column 3
2025-05-04 04:34:57,651 [DEBUG] [Connections] Segments for cell 6: []
2025-05-04 04:34:57,651 [DEBUG] [Connections] Segments for cell 7: []
2025-05-04 04:34:57,651 [DEBUG] [BestMatch] Column=3 has no segment meeting minThreshold=1
2025-05-04 04:34:57,651 [DEBUG] [Connections] Segments for cell 6: []
2025-05-04 04:34:57,651 [DEBUG] [Connections] Segments for cell 7: []
2025-05-04 04:34:57,651 [DEBUG] [Burst] Column 3: no matching segment, fallback winner=6
2025-05-04 04:34:57,651 [DEBUG] [Learn] prevActiveCells={4, 5}
2025-05-04 04:34:57,651 [DEBUG] [Connections] Segments for cell 6: []
2025-05-04 04:34:57,651 [DEBUG] [Connections] Segments for cell 7: []
2025-05-04 04:34:57,651 [DEBUG] [BestMatch] Column=3 has no segment meeting minThreshold=1
2025-05-04 04:34:57,651 [DEBUG] [Learn] Bursting column 3 but no best match found.
2025-05-04 04:34:57,651 [DEBUG] [Connections] Segments for cell 0: []
2025-05-04 04:34:57,651 [DEBUG] [Connections] Segments for cell 1: []
2025-05-04 04:34:57,651 [DEBUG] [Connections] Segments for cell 2: []
2025-05-04 04:34:57,651 [DEBUG] [Connections] Segments for cell 3: []
2025-05-04 04:34:57,651 [DEBUG] [Connections] Segments for cell 4: []
2025-05-04 04:34:57,651 [DEBUG] [Connections] Segments for cell 5: []
2025-05-04 04:34:57,651 [DEBUG] [Connections] Segments for cell 6: []
2025-05-04 04:34:57,651 [DEBUG] [Connections] Segments for cell 7: []
2025-05-04 04:34:57,651 [DEBUG] Predicted cells this step: set()
2025-05-04 04:34:57,651 [DEBUG] [Connections] Segments for cell 2: []
2025-05-04 04:34:57,651 [DEBUG] [Connections] Segments for cell 3: []
2025-05-04 04:34:57,651 [DEBUG] [BestMatch] Column=1 has no segment meeting minThreshold=1
2025-05-04 04:34:57,651 [DEBUG] [Activate] Column 1: best_cell=None, best_seg=None
2025-05-04 04:34:57,651 [DEBUG] [Activate] Bursting column 1
2025-05-04 04:34:57,651 [DEBUG] [Connections] Segments for cell 2: []
2025-05-04 04:34:57,651 [DEBUG] [Connections] Segments for cell 3: []
2025-05-04 04:34:57,651 [DEBUG] [BestMatch] Column=1 has no segment meeting minThreshold=1
2025-05-04 04:34:57,651 [DEBUG] [Connections] Segments for cell 2: []
2025-05-04 04:34:57,651 [DEBUG] [Connections] Segments for cell 3: []
2025-05-04 04:34:57,651 [DEBUG] [Burst] Column 1: no matching segment, fallback winner=2
2025-05-04 04:34:57,651 [DEBUG] [Learn] prevActiveCells={6, 7}
2025-05-04 04:34:57,651 [DEBUG] [Connections] Segments for cell 2: []
2025-05-04 04:34:57,651 [DEBUG] [Connections] Segments for cell 3: []
2025-05-04 04:34:57,651 [DEBUG] [BestMatch] Column=1 has no segment meeting minThreshold=1
2025-05-04 04:34:57,651 [DEBUG] [Learn] Bursting column 1 but no best match found.
2025-05-04 04:34:57,651 [DEBUG] [Connections] Segments for cell 0: []
2025-05-04 04:34:57,651 [DEBUG] [Connections] Segments for cell 1: []
2025-05-04 04:34:57,651 [DEBUG] [Connections] Segments for cell 2: []
2025-05-04 04:34:57,651 [DEBUG] [Connections] Segments for cell 3: []
2025-05-04 04:34:57,651 [DEBUG] [Connections] Segments for cell 4: []
2025-05-04 04:34:57,651 [DEBUG] [Connections] Segments for cell 5: []
2025-05-04 04:34:57,652 [DEBUG] [Connections] Segments for cell 6: []
2025-05-04 04:34:57,652 [DEBUG] [Connections] Segments for cell 7: []
2025-05-04 04:34:57,652 [DEBUG] Predicted cells this step: set()
2025-05-04 04:34:57,652 [DEBUG] [Connections] Segments for cell 4: []
2025-05-04 04:34:57,652 [DEBUG] [Connections] Segments for cell 5: []
2025-05-04 04:34:57,652 [DEBUG] [BestMatch] Column=2 has no segment meeting minThreshold=1
2025-05-04 04:34:57,652 [DEBUG] [Activate] Column 2: best_cell=None, best_seg=None
2025-05-04 04:34:57,652 [DEBUG] [Activate] Bursting column 2
2025-05-04 04:34:57,652 [DEBUG] [Connections] Segments for cell 4: []
2025-05-04 04:34:57,652 [DEBUG] [Connections] Segments for cell 5: []
2025-05-04 04:34:57,652 [DEBUG] [BestMatch] Column=2 has no segment meeting minThreshold=1
2025-05-04 04:34:57,652 [DEBUG] [Connections] Segments for cell 4: []
2025-05-04 04:34:57,652 [DEBUG] [Connections] Segments for cell 5: []
2025-05-04 04:34:57,652 [DEBUG] [Burst] Column 2: no matching segment, fallback winner=4
2025-05-04 04:34:57,652 [DEBUG] [Learn] prevActiveCells={2, 3}
2025-05-04 04:34:57,652 [DEBUG] [Connections] Segments for cell 4: []
2025-05-04 04:34:57,652 [DEBUG] [Connections] Segments for cell 5: []
2025-05-04 04:34:57,652 [DEBUG] [BestMatch] Column=2 has no segment meeting minThreshold=1
2025-05-04 04:34:57,652 [DEBUG] [Learn] Bursting column 2 but no best match found.
2025-05-04 04:34:57,652 [DEBUG] [Connections] Segments for cell 0: []
2025-05-04 04:34:57,652 [DEBUG] [Connections] Segments for cell 1: []
2025-05-04 04:34:57,652 [DEBUG] [Connections] Segments for cell 2: []
2025-05-04 04:34:57,652 [DEBUG] [Connections] Segments for cell 3: []
2025-05-04 04:34:57,652 [DEBUG] [Connections] Segments for cell 4: []
2025-05-04 04:34:57,652 [DEBUG] [Connections] Segments for cell 5: []
2025-05-04 04:34:57,652 [DEBUG] [Connections] Segments for cell 6: []
2025-05-04 04:34:57,652 [DEBUG] [Connections] Segments for cell 7: []
2025-05-04 04:34:57,652 [DEBUG] Predicted cells this step: set()
